<?xml version="1.0" encoding="UTF-8"?>
<testsuite name="com.aboutcoder.packease.utils.string.PEStringUtilsTest" tests="6" skipped="0" failures="0" errors="0" timestamp="2017-05-25T10:37:44" hostname="Jeromes-MacBook-Pro.local" time="3.02">
  <properties/>
  <testcase name="testLocalTimeoutSettings" classname="com.aboutcoder.packease.utils.string.PEStringUtilsTest" time="1.004"/>
  <testcase name="testIsEmptyOrIsNotEmpty" classname="com.aboutcoder.packease.utils.string.PEStringUtilsTest" time="0.002"/>
  <testcase name="testArrayToString" classname="com.aboutcoder.packease.utils.string.PEStringUtilsTest" time="0.002"/>
  <testcase name="testListToString" classname="com.aboutcoder.packease.utils.string.PEStringUtilsTest" time="0.008"/>
  <testcase name="testStringToArray" classname="com.aboutcoder.packease.utils.string.PEStringUtilsTest" time="0.0"/>
  <testcase name="testGlobalTimeoutSettings" classname="com.aboutcoder.packease.utils.string.PEStringUtilsTest" time="2.002"/>
  <system-out><![CDATA[test timeout settings of method only.
test timeout settings of test class.
]]></system-out>
  <system-err><![CDATA[]]></system-err>
</testsuite>
