<?xml version="1.0" encoding="UTF-8"?>
<testsuite name="com.aboutcoder.packease.utils.xml.PEJsonXmlConverterTest" tests="4" skipped="0" failures="0" errors="0" timestamp="2017-05-25T10:39:18" hostname="Jeromes-MacBook-Pro.local" time="0.045">
  <properties/>
  <testcase name="testConvertJsonToXmlViaXSL[0]" classname="com.aboutcoder.packease.utils.xml.PEJsonXmlConverterTest" time="0.026"/>
  <testcase name="testConvertXmlToJsonViaXSL[0]" classname="com.aboutcoder.packease.utils.xml.PEJsonXmlConverterTest" time="0.01"/>
  <testcase name="testConvertJsonToXmlViaStAX[0]" classname="com.aboutcoder.packease.utils.xml.PEJsonXmlConverterTest" time="0.005"/>
  <testcase name="testConvertXmlToJsonViaStAX[0]" classname="com.aboutcoder.packease.utils.xml.PEJsonXmlConverterTest" time="0.004"/>
  <system-out><![CDATA[<?xml version="1.0" ?>
<customer>
	<first-name>Jane</first-name>
	<last-name>Doe</last-name>
	<address>
		<street>123 A Street</street>
	</address>
	<phone-number type="work">555-1111</phone-number>
	<phone-number type="cell">555-2222</phone-number>
</customer>

{
	"customer" : {
		"first-name" : "Jane",
		"last-name" : "Doe",
		"address" : {
			"street" : "123 A Street"
		},
		"phone-number" : [ {
			"@type" : "work",
			"$" : "555-1111"
		}, {
			"@type" : "cell",
			"$" : "555-2222"
		} ]
	}
}
<?xml version="1.0" encoding="UTF-8"?>
<customer>
	<first-name>Jane</first-name>
	<last-name>Doe</last-name>
	<address>
		<street>123 A Street</street>
	</address>
	<phone-number type="work">555-1111</phone-number>
	<phone-number type="cell">555-2222</phone-number>
</customer>

{
	"customer" : {
		"first-name" : "Jane",
		"last-name" : "Doe",
		"address" : {
			"street" : "123 A Street"
		},
		"phone-number" : [ {
			"@type" : "work",
			"$" : "555-1111"
		}, {
			"@type" : "cell",
			"$" : "555-2222"
		} ]
	}
}
]]></system-out>
  <system-err><![CDATA[]]></system-err>
</testsuite>
