<?xml version="1.0" encoding="UTF-8"?>
<testsuite name="com.aboutcoder.packease.utils.string.PEBase64UtilsTest" tests="4" skipped="0" failures="0" errors="0" timestamp="2017-05-25T10:37:44" hostname="Jeromes-MacBook-Pro.local" time="0.028">
  <properties/>
  <testcase name="testDecode[0]" classname="com.aboutcoder.packease.utils.string.PEBase64UtilsTest" time="0.02"/>
  <testcase name="testEncode[0]" classname="com.aboutcoder.packease.utils.string.PEBase64UtilsTest" time="0.004"/>
  <testcase name="testDecode[1]" classname="com.aboutcoder.packease.utils.string.PEBase64UtilsTest" time="0.002"/>
  <testcase name="testEncode[1]" classname="com.aboutcoder.packease.utils.string.PEBase64UtilsTest" time="0.001"/>
  <system-out><![CDATA[]]></system-out>
  <system-err><![CDATA[]]></system-err>
</testsuite>
