<?xml version="1.0" encoding="UTF-8"?>
<testsuite name="com.aboutcoder.packease.utils.json.PEFastJsonHandlerTest" tests="5" skipped="0" failures="0" errors="0" timestamp="2017-05-25T10:37:43" hostname="Jeromes-MacBook-Pro.local" time="0.254">
  <properties/>
  <testcase name="testParseObject" classname="com.aboutcoder.packease.utils.json.PEFastJsonHandlerTest" time="0.192"/>
  <testcase name="testToJsonString" classname="com.aboutcoder.packease.utils.json.PEFastJsonHandlerTest" time="0.045"/>
  <testcase name="testToJsonObjectViaObject" classname="com.aboutcoder.packease.utils.json.PEFastJsonHandlerTest" time="0.008"/>
  <testcase name="testParseObjectTypeReference" classname="com.aboutcoder.packease.utils.json.PEFastJsonHandlerTest" time="0.003"/>
  <testcase name="testToJsonObjectViaJsonString" classname="com.aboutcoder.packease.utils.json.PEFastJsonHandlerTest" time="0.002"/>
  <system-out><![CDATA[]]></system-out>
  <system-err><![CDATA[]]></system-err>
</testsuite>
