<?xml version="1.0" encoding="UTF-8"?>
<testsuite name="com.aboutcoder.packease.utils.excel.PESheetWriterTest" tests="1" skipped="0" failures="0" errors="0" timestamp="2017-05-25T10:37:40" hostname="Jeromes-MacBook-Pro.local" time="0.412">
  <properties/>
  <testcase name="testWriteSingleSheetToFileOutputStream" classname="com.aboutcoder.packease.utils.excel.PESheetWriterTest" time="0.412"/>
  <system-out><![CDATA[]]></system-out>
  <system-err><![CDATA[]]></system-err>
</testsuite>
