<?xml version="1.0" encoding="UTF-8"?>
<testsuite name="com.aboutcoder.packease.utils.date.PEDateUtilsTest" tests="12" skipped="0" failures="0" errors="0" timestamp="2017-05-25T10:37:39" hostname="Jeromes-MacBook-Pro.local" time="0.021">
  <properties/>
  <testcase name="testGetCurrentDatetimeAsString" classname="com.aboutcoder.packease.utils.date.PEDateUtilsTest" time="0.014"/>
  <testcase name="testAddDays" classname="com.aboutcoder.packease.utils.date.PEDateUtilsTest" time="0.001"/>
  <testcase name="testParseDatetime" classname="com.aboutcoder.packease.utils.date.PEDateUtilsTest" time="0.001"/>
  <testcase name="testParseDate" classname="com.aboutcoder.packease.utils.date.PEDateUtilsTest" time="0.0"/>
  <testcase name="testAddHours" classname="com.aboutcoder.packease.utils.date.PEDateUtilsTest" time="0.001"/>
  <testcase name="testFormatDate" classname="com.aboutcoder.packease.utils.date.PEDateUtilsTest" time="0.0"/>
  <testcase name="testGetBetweenDays" classname="com.aboutcoder.packease.utils.date.PEDateUtilsTest" time="0.0"/>
  <testcase name="testGetCurrentDateAsString" classname="com.aboutcoder.packease.utils.date.PEDateUtilsTest" time="0.001"/>
  <testcase name="testAddMonths" classname="com.aboutcoder.packease.utils.date.PEDateUtilsTest" time="0.0"/>
  <testcase name="testFormatDatetime" classname="com.aboutcoder.packease.utils.date.PEDateUtilsTest" time="0.0"/>
  <testcase name="testIsSameDayCalendar" classname="com.aboutcoder.packease.utils.date.PEDateUtilsTest" time="0.0"/>
  <testcase name="testIsSameDayDate" classname="com.aboutcoder.packease.utils.date.PEDateUtilsTest" time="0.0"/>
  <system-out><![CDATA[]]></system-out>
  <system-err><![CDATA[]]></system-err>
</testsuite>
