<?xml version="1.0" encoding="UTF-8"?>
<testsuite name="com.aboutcoder.packease.utils.json.PEJacksonHandlerTest" tests="4" skipped="0" failures="0" errors="0" timestamp="2017-05-25T10:37:43" hostname="Jeromes-MacBook-Pro.local" time="0.512">
  <properties/>
  <testcase name="testParseObject" classname="com.aboutcoder.packease.utils.json.PEJacksonHandlerTest" time="0.462"/>
  <testcase name="testToJsonString" classname="com.aboutcoder.packease.utils.json.PEJacksonHandlerTest" time="0.042"/>
  <testcase name="testGetObjectMapper" classname="com.aboutcoder.packease.utils.json.PEJacksonHandlerTest" time="0.001"/>
  <testcase name="testParseObjectViaTypeReference" classname="com.aboutcoder.packease.utils.json.PEJacksonHandlerTest" time="0.001"/>
  <system-out><![CDATA[]]></system-out>
  <system-err><![CDATA[]]></system-err>
</testsuite>
